2025-07-23 19:32:22.472 +07:00 [INF] App initialized
2025-07-23 19:32:26.388 +07:00 [INF] StartApp button clicked. traceId=32aa1ce10da3c6b82b8992972df36f17 spanId=e806ebb6abb7bb0e
2025-07-23 20:38:54.888 +07:00 [INF] App initialized
2025-07-23 20:38:56.730 +07:00 [ERR] Simulated exception occurred. traceId=00a504417533ac8c2396d3606444fb72 spanId=039038f7c2523ff2
System.InvalidOperationException: Simulated test error
   at DemoApp.Form1.btnSimulateError_Click(Object sender, EventArgs e) in C:\Users\Admin\Desktop\trace-logs\DemoApp\DemoApp\Form1.cs:line 169
2025-07-23 20:44:44.507 +07:00 [INF] App initialized
2025-07-23 20:44:47.860 +07:00 [INF] StartApp button clicked. traceId=db82bf6a86fe5bc0954191bb011a3493 spanId=1310e38fa547b167
2025-07-23 20:45:19.053 +07:00 [INF] App initialized
2025-07-23 20:45:20.980 +07:00 [ERR] Simulated exception occurred. traceId=20935d744c91af6703f686b91de2e1e3 spanId=04fb9eccbc28e3bf
System.InvalidOperationException: Simulated test error
   at DemoApp.Form1.btnSimulateError_Click(Object sender, EventArgs e) in C:\Users\Admin\Desktop\trace-logs\DemoApp\DemoApp\Form1.cs:line 169
2025-07-23 20:45:23.556 +07:00 [INF] StartApp button clicked. traceId=26643c2389874c34658e9afff7011bfe spanId=132e408031c5888a
2025-07-23 20:47:12.471 +07:00 [INF] App initialized
2025-07-23 20:47:15.171 +07:00 [INF] StartApp button clicked. traceId=b166834860fe3127b9a117a2baf97507 spanId=4313ed33d5423fe6
2025-07-23 20:50:22.328 +07:00 [INF] Saved file at C:\Users\Admin\Desktop\trace-logs\DemoApp\DemoApp\bin\Debug\net8.0-windows\logs\test.txt in 2ms, traceId=6283ae133f54808553e753598dab10f8, spanId=315fa39ac60872f1
2025-07-23 20:50:28.274 +07:00 [ERR] Simulated exception occurred. traceId=993d125ebe9392dc72a5d9e16eb9f2bc spanId=b0d1c608ce59e45d
System.InvalidOperationException: Simulated test error
   at DemoApp.Form1.btnSimulateError_Click(Object sender, EventArgs e) in C:\Users\Admin\Desktop\trace-logs\DemoApp\DemoApp\Form1.cs:line 169
2025-07-23 20:50:44.098 +07:00 [INF] App shutting down
2025-07-23 20:56:10.413 +07:00 [INF] App initialized
2025-07-23 20:56:19.784 +07:00 [INF] App initialized
2025-07-23 20:56:22.255 +07:00 [ERR] Simulated exception occurred. traceId=f3ab4458b7f01597bfd80ceef7c802e7 spanId=4a0c0b5d49d433e4
System.InvalidOperationException: Simulated test error
   at DemoApp.Form1.btnSimulateError_Click(Object sender, EventArgs e) in C:\Users\Admin\Desktop\trace-logs\DemoApp\DemoApp\Form1.cs:line 169
2025-07-23 21:10:32.699 +07:00 [INF] App initialized
2025-07-23 21:10:34.799 +07:00 [ERR] Simulated exception occurred. traceId=fca848e1fad354f0bb5ae8593a67fb85 spanId=a2a28b01298092af
System.InvalidOperationException: Simulated test error
   at DemoApp.Form1.btnSimulateError_Click(Object sender, EventArgs e) in C:\Users\Admin\Desktop\trace-logs\DemoApp\DemoApp\Form1.cs:line 169
2025-07-23 21:13:08.022 +07:00 [INF] StartApp button clicked. traceId=21733ab8e057d289eecd4a129dcb4e1f spanId=5f0db357222e9f54
2025-07-23 21:18:46.572 +07:00 [INF] App initialized
2025-07-23 21:18:48.322 +07:00 [INF] StartApp button clicked. traceId=548c0bec41de67cd257cd3fee94a153f spanId=4fc03608223d4a92
2025-07-23 21:28:38.775 +07:00 [INF] App initialized
2025-07-23 21:28:41.469 +07:00 [ERR] Simulated exception occurred. traceId=e1c9647c6659c756cb0e7ce8816b7fa1 spanId=c03a13c6c1a00b61
System.InvalidOperationException: Simulated test error
   at DemoApp.Form1.btnSimulateError_Click(Object sender, EventArgs e) in C:\Users\Admin\Desktop\trace-logs\DemoApp\DemoApp\Form1.cs:line 172
2025-07-23 21:49:35.006 +07:00 [INF] App initialized
2025-07-23 21:49:52.920 +07:00 [INF] StartApp button clicked. traceId=28298b057afc0539536e4c064611c4b1 spanId=7f856b22827bae83
2025-07-23 22:06:33.128 +07:00 [INF] App initialized
2025-07-23 22:06:34.876 +07:00 [ERR] Simulated exception occurred. traceId=260586c5ae5f591c4ab8ca7b49003768 spanId=484d45e25bb052b9
System.InvalidOperationException: Simulated test error
   at DemoApp.Form1.btnSimulateError_Click(Object sender, EventArgs e) in C:\Users\Admin\Desktop\trace-logs\DemoApp\DemoApp\Form1.cs:line 172
2025-07-23 22:07:25.295 +07:00 [INF] App initialized
2025-07-23 22:07:27.004 +07:00 [INF] StartApp button clicked. traceId=6d57ef3a852d39a86fe3096e4ccbf851 spanId=67bdecc91f917473
2025-07-23 22:08:47.252 +07:00 [INF] App initialized
2025-07-23 22:08:48.896 +07:00 [INF] StartApp button clicked. traceId=0b0e8e183011e09b7acfbbd241fec469 spanId=48a73756a917beb1
2025-07-23 22:09:00.049 +07:00 [INF] App shutting down
2025-07-23 22:09:15.285 +07:00 [INF] App initialized
2025-07-23 22:09:16.985 +07:00 [ERR] Simulated exception occurred. traceId=d1564bff1979202a6216426b113c6ce9 spanId=aae75618dacff66d
System.InvalidOperationException: Simulated test error
   at DemoApp.Form1.btnSimulateError_Click(Object sender, EventArgs e) in C:\Users\Admin\Desktop\trace-logs\DemoApp\DemoApp\Form1.cs:line 172
2025-07-23 22:09:25.065 +07:00 [INF] App shutting down
2025-07-23 22:14:07.136 +07:00 [INF] App initialized
2025-07-23 22:14:10.317 +07:00 [ERR] Simulated exception occurred. traceId=d97f303c7941b84ffded4f71062d6c73 spanId=0cb71bea0f93ac3f
System.InvalidOperationException: Simulated test error
   at DemoApp.Form1.btnSimulateError_Click(Object sender, EventArgs e) in C:\Users\Admin\Desktop\trace-logs\DemoApp\DemoApp\Form1.cs:line 172
2025-07-23 22:14:26.905 +07:00 [INF] StartApp button clicked. traceId=349070e733fbe23219b17f991874bdc7 spanId=8eaa79e5830a616b
2025-07-23 22:14:40.009 +07:00 [INF] App initialized
2025-07-23 22:14:42.292 +07:00 [INF] StartApp button clicked. traceId=837798e3ee07645e37f90606d897776e spanId=1942c85ad423f5e0
2025-07-23 22:16:23.391 +07:00 [INF] App initialized
2025-07-23 22:16:24.899 +07:00 [ERR] Simulated exception occurred. traceId=ae3f208930c7d8bda566a5e47885698f spanId=759b947af13a08a8
System.InvalidOperationException: Simulated test error
   at DemoApp.Form1.btnSimulateError_Click(Object sender, EventArgs e) in C:\Users\Admin\Desktop\trace-logs\DemoApp\DemoApp\Form1.cs:line 172
2025-07-23 22:18:10.264 +07:00 [INF] App initialized
2025-07-23 22:18:12.682 +07:00 [ERR] Simulated exception occurred. traceId=8819a40ce1bc1c9cf2f702864e724514 spanId=df8b7932774d90df
System.InvalidOperationException: Simulated test error
   at DemoApp.Form1.btnSimulateError_Click(Object sender, EventArgs e) in C:\Users\Admin\Desktop\trace-logs\DemoApp\DemoApp\Form1.cs:line 172
2025-07-23 22:27:54.610 +07:00 [INF] App initialized
2025-07-23 22:27:56.811 +07:00 [INF] StartApp button clicked. traceId=4f6f5718d0b08eec59cbbf78127013e9 spanId=b081d1b7cf1a363b
2025-07-23 22:30:09.020 +07:00 [INF] Saved file at C:\Users\Admin\Desktop\trace-logs\DemoApp\DemoApp\bin\Debug\net8.0-windows\logs\test.txt in 0ms, traceId=e3345825f7fdf53840ccff7063234a78, spanId=14185256d006ff62
